Flow report for mux2_1
Mon Aug 23 12:23:48 2021
Quartus II 64-Bit Version 13.1.0 Build 162 10/23/2013 SJ Full Version


---------------------
; Table of Contents ;
---------------------
  1. Legal Notice
  2. Flow Summary
  3. Flow Settings
  4. Flow Non-Default Global Settings
  5. Flow Elapsed Time
  6. Flow OS Summary
  7. Flow Log
  8. Flow Messages
  9. Flow Suppressed Messages



----------------
; Legal Notice ;
----------------
Copyright (C) 1991-2013 Altera Corporation
Your use of Altera Corporation's design tools, logic functions 
and other software and tools, and its AMPP partner logic 
functions, and any output files from any of the foregoing 
(including device programming or simulation files), and any 
associated documentation or information are expressly subject 
to the terms and conditions of the Altera Program License 
Subscription Agreement, Altera MegaCore Function License 
Agreement, or other applicable license agreement, including, 
without limitation, that your use is for the sole purpose of 
programming logic devices manufactured by Altera and sold by 
Altera or its authorized distributors.  Please refer to the 
applicable agreement for further details.



+----------------------------------------------------------------------------------+
; Flow Summary                                                                     ;
+------------------------------------+---------------------------------------------+
; Flow Status                        ; Successful - Mon Aug 23 12:23:48 2021       ;
; Quartus II 64-Bit Version          ; 13.1.0 Build 162 10/23/2013 SJ Full Version ;
; Revision Name                      ; mux2_1                                      ;
; Top-level Entity Name              ; mux2_1                                      ;
; Family                             ; Cyclone IV E                                ;
; Device                             ; EP4CE10F17C8                                ;
; Timing Models                      ; Final                                       ;
; Total logic elements               ; 1 / 10,320 ( < 1 % )                        ;
;     Total combinational functions  ; 1 / 10,320 ( < 1 % )                        ;
;     Dedicated logic registers      ; 0 / 10,320 ( 0 % )                          ;
; Total registers                    ; 0                                           ;
; Total pins                         ; 4 / 180 ( 2 % )                             ;
; Total virtual pins                 ; 0                                           ;
; Total memory bits                  ; 0 / 423,936 ( 0 % )                         ;
; Embedded Multiplier 9-bit elements ; 0 / 46 ( 0 % )                              ;
; Total PLLs                         ; 0 / 2 ( 0 % )                               ;
+------------------------------------+---------------------------------------------+


+-----------------------------------------+
; Flow Settings                           ;
+-------------------+---------------------+
; Option            ; Setting             ;
+-------------------+---------------------+
; Start date & time ; 08/23/2021 11:27:59 ;
; Main task         ; Compilation         ;
; Revision Name     ; mux2_1              ;
+-------------------+---------------------+


+----------------------------------------------------------------------------------------------------------------------+
; Flow Non-Default Global Settings                                                                                     ;
+-------------------------------------+---------------------------------+---------------+-------------+----------------+
; Assignment Name                     ; Value                           ; Default Value ; Entity Name ; Section Id     ;
+-------------------------------------+---------------------------------+---------------+-------------+----------------+
; COMPILER_SIGNATURE_ID               ; 268883480550293.162968927808960 ; --            ; --          ; --             ;
; EDA_OUTPUT_DATA_FORMAT              ; Verilog Hdl                     ; --            ; --          ; eda_simulation ;
; EDA_SIMULATION_TOOL                 ; ModelSim-Altera (Verilog)       ; <None>        ; --          ; --             ;
; MAX_CORE_JUNCTION_TEMP              ; 85                              ; --            ; --          ; --             ;
; MIN_CORE_JUNCTION_TEMP              ; 0                               ; --            ; --          ; --             ;
; NOMINAL_CORE_SUPPLY_VOLTAGE         ; 1.2V                            ; --            ; --          ; --             ;
; PARTITION_COLOR                     ; 16764057                        ; --            ; --          ; Top            ;
; PARTITION_FITTER_PRESERVATION_LEVEL ; PLACEMENT_AND_ROUTING           ; --            ; --          ; Top            ;
; PARTITION_NETLIST_TYPE              ; SOURCE                          ; --            ; --          ; Top            ;
; PROJECT_OUTPUT_DIRECTORY            ; output_files                    ; --            ; --          ; --             ;
+-------------------------------------+---------------------------------+---------------+-------------+----------------+


+-------------------------------------------------------------------------------------------------------------------------------+
; Flow Elapsed Time                                                                                                             ;
+---------------------------+--------------+-------------------------+---------------------+------------------------------------+
; Module Name               ; Elapsed Time ; Average Processors Used ; Peak Virtual Memory ; Total CPU Time (on all processors) ;
+---------------------------+--------------+-------------------------+---------------------+------------------------------------+
; Analysis & Synthesis      ; 00:00:02     ; 1.0                     ; 4619 MB             ; 00:00:02                           ;
; Fitter                    ; 00:00:07     ; 1.0                     ; 5180 MB             ; 00:00:06                           ;
; Assembler                 ; 00:00:01     ; 1.0                     ; 4585 MB             ; 00:00:01                           ;
; TimeQuest Timing Analyzer ; 00:00:03     ; 1.0                     ; 4660 MB             ; 00:00:02                           ;
; EDA Netlist Writer        ; 00:00:01     ; 1.0                     ; 4550 MB             ; 00:00:01                           ;
; EDA Netlist Writer        ; 00:00:01     ; 1.0                     ; 4557 MB             ; 00:00:01                           ;
; EDA Netlist Writer        ; 00:00:01     ; 1.0                     ; 4557 MB             ; 00:00:01                           ;
; EDA Netlist Writer        ; 00:00:01     ; 1.0                     ; 4557 MB             ; 00:00:01                           ;
; EDA Netlist Writer        ; 00:00:00     ; 1.0                     ; 4557 MB             ; 00:00:00                           ;
; EDA Netlist Writer        ; 00:00:01     ; 1.0                     ; 4557 MB             ; 00:00:01                           ;
; EDA Netlist Writer        ; 00:00:00     ; 1.0                     ; 4557 MB             ; 00:00:00                           ;
; EDA Netlist Writer        ; 00:00:01     ; 1.0                     ; 4557 MB             ; 00:00:01                           ;
; EDA Netlist Writer        ; 00:00:00     ; 1.0                     ; 4557 MB             ; 00:00:00                           ;
; EDA Netlist Writer        ; 00:00:01     ; 1.0                     ; 4557 MB             ; 00:00:01                           ;
; EDA Netlist Writer        ; 00:00:00     ; 1.0                     ; 4557 MB             ; 00:00:00                           ;
; EDA Netlist Writer        ; 00:00:01     ; 1.0                     ; 4557 MB             ; 00:00:01                           ;
; Total                     ; 00:00:21     ; --                      ; --                  ; 00:00:19                           ;
+---------------------------+--------------+-------------------------+---------------------+------------------------------------+


+----------------------------------------------------------------------------------------+
; Flow OS Summary                                                                        ;
+---------------------------+------------------+-----------+------------+----------------+
; Module Name               ; Machine Hostname ; OS Name   ; OS Version ; Processor type ;
+---------------------------+------------------+-----------+------------+----------------+
; Analysis & Synthesis      ; SC-201901021943  ; Windows 7 ; 6.2        ; x86_64         ;
; Fitter                    ; SC-201901021943  ; Windows 7 ; 6.2        ; x86_64         ;
; Assembler                 ; SC-201901021943  ; Windows 7 ; 6.2        ; x86_64         ;
; TimeQuest Timing Analyzer ; SC-201901021943  ; Windows 7 ; 6.2        ; x86_64         ;
; EDA Netlist Writer        ; SC-201901021943  ; Windows 7 ; 6.2        ; x86_64         ;
; EDA Netlist Writer        ; SC-201901021943  ; Windows 7 ; 6.2        ; x86_64         ;
; EDA Netlist Writer        ; SC-201901021943  ; Windows 7 ; 6.2        ; x86_64         ;
; EDA Netlist Writer        ; SC-201901021943  ; Windows 7 ; 6.2        ; x86_64         ;
; EDA Netlist Writer        ; SC-201901021943  ; Windows 7 ; 6.2        ; x86_64         ;
; EDA Netlist Writer        ; SC-201901021943  ; Windows 7 ; 6.2        ; x86_64         ;
; EDA Netlist Writer        ; SC-201901021943  ; Windows 7 ; 6.2        ; x86_64         ;
; EDA Netlist Writer        ; SC-201901021943  ; Windows 7 ; 6.2        ; x86_64         ;
; EDA Netlist Writer        ; SC-201901021943  ; Windows 7 ; 6.2        ; x86_64         ;
; EDA Netlist Writer        ; SC-201901021943  ; Windows 7 ; 6.2        ; x86_64         ;
; EDA Netlist Writer        ; SC-201901021943  ; Windows 7 ; 6.2        ; x86_64         ;
; EDA Netlist Writer        ; SC-201901021943  ; Windows 7 ; 6.2        ; x86_64         ;
+---------------------------+------------------+-----------+------------+----------------+


------------
; Flow Log ;
------------
quartus_map --read_settings_files=on --write_settings_files=off mux2_1 -c mux2_1
quartus_fit --read_settings_files=off --write_settings_files=off mux2_1 -c mux2_1
quartus_asm --read_settings_files=off --write_settings_files=off mux2_1 -c mux2_1
quartus_sta mux2_1 -c mux2_1
quartus_eda --read_settings_files=off --write_settings_files=off mux2_1 -c mux2_1
quartus_eda --gen_testbench --check_outputs=on --tool=modelsim_oem --format=verilog mux2_1 -c mux2_1 --vector_source=F:/FPGA_PROJECT/mux2_1/sim/mux2_1.vwf --testbench_file=F:/FPGA_PROJECT/mux2_1/proj/simulation/qsim/mux2_1.vwf.vt
quartus_eda --functional=on --flatten_buses=off --simulation=on --tool=modelsim_oem --format=verilog --output_directory=F:/FPGA_PROJECT/mux2_1/proj/simulation/qsim/ mux2_1 -c mux2_1
quartus_eda --gen_testbench --check_outputs=on --tool=modelsim_oem --format=verilog mux2_1 -c mux2_1 --vector_source=F:/FPGA_PROJECT/mux2_1/sim/mux2_1.vwf --testbench_file=F:/FPGA_PROJECT/mux2_1/proj/simulation/modelsim/mux2_1.vwf.vt
quartus_eda --gen_testbench --check_outputs=on --tool=modelsim_oem --format=verilog mux2_1 -c mux2_1 --vector_source=F:/FPGA_PROJECT/mux2_1/sim/mux2_1.vwf --testbench_file=F:/FPGA_PROJECT/mux2_1/proj/simulation/qsim/mux2_1.vwf.vt
quartus_eda --functional=on --flatten_buses=off --simulation=on --tool=modelsim_oem --format=verilog --output_directory=F:/FPGA_PROJECT/mux2_1/proj/simulation/qsim/ mux2_1 -c mux2_1
quartus_eda --gen_testbench --check_outputs=on --tool=modelsim_oem --format=verilog mux2_1 -c mux2_1 --vector_source=F:/FPGA_PROJECT/mux2_1/sim/mux2_1.vwf --testbench_file=F:/FPGA_PROJECT/mux2_1/proj/simulation/qsim/mux2_1.vwf.vt
quartus_eda --functional=on --flatten_buses=off --simulation=on --tool=modelsim_oem --format=verilog --output_directory=F:/FPGA_PROJECT/mux2_1/proj/simulation/qsim/ mux2_1 -c mux2_1
quartus_eda --gen_testbench --check_outputs=on --tool=modelsim_oem --format=verilog mux2_1 -c mux2_1 --vector_source=F:/FPGA_PROJECT/mux2_1/sim/mux2_1.vwf --testbench_file=F:/FPGA_PROJECT/mux2_1/proj/simulation/qsim/mux2_1.vwf.vt
quartus_eda --functional=on --flatten_buses=off --simulation=on --tool=modelsim_oem --format=verilog --output_directory=F:/FPGA_PROJECT/mux2_1/proj/simulation/qsim/ mux2_1 -c mux2_1
quartus_eda --gen_testbench --check_outputs=on --tool=modelsim_oem --format=verilog mux2_1 -c mux2_1 --vector_source=F:/FPGA_PROJECT/mux2_1/sim/mux2_1.vwf --testbench_file=F:/FPGA_PROJECT/mux2_1/proj/simulation/qsim/mux2_1.vwf.vt
quartus_eda --functional=on --flatten_buses=off --simulation=on --tool=modelsim_oem --format=verilog --output_directory=F:/FPGA_PROJECT/mux2_1/proj/simulation/qsim/ mux2_1 -c mux2_1



